{"D:\\github\\number-calc\\dist\\index.js": {"path":"D:\\github\\number-calc\\dist\\index.js","statementMap":{"0":{"start":{"line":9,"column":21},"end":{"line":12,"column":1}},"1":{"start":{"line":10,"column":15},"end":{"line":10,"column":46}},"2":{"start":{"line":11,"column":2},"end":{"line":11,"column":67}},"3":{"start":{"line":20,"column":24},"end":{"line":23,"column":1}},"4":{"start":{"line":21,"column":15},"end":{"line":21,"column":46}},"5":{"start":{"line":22,"column":2},"end":{"line":22,"column":37}},"6":{"start":{"line":25,"column":20},"end":{"line":31,"column":1}},"7":{"start":{"line":26,"column":2},"end":{"line":29,"column":3}},"8":{"start":{"line":27,"column":4},"end":{"line":27,"column":87}},"9":{"start":{"line":28,"column":4},"end":{"line":28,"column":17}},"10":{"start":{"line":30,"column":2},"end":{"line":30,"column":14}},"11":{"start":{"line":42,"column":10},"end":{"line":60,"column":1}},"12":{"start":{"line":43,"column":13},"end":{"line":43,"column":36}},"13":{"start":{"line":44,"column":13},"end":{"line":44,"column":36}},"14":{"start":{"line":46,"column":13},"end":{"line":46,"column":47}},"15":{"start":{"line":47,"column":13},"end":{"line":47,"column":48}},"16":{"start":{"line":49,"column":2},"end":{"line":49,"column":39}},"17":{"start":{"line":50,"column":2},"end":{"line":50,"column":39}},"18":{"start":{"line":52,"column":2},"end":{"line":52,"column":50}},"19":{"start":{"line":53,"column":12},"end":{"line":53,"column":29}},"20":{"start":{"line":55,"column":2},"end":{"line":55,"column":25}},"21":{"start":{"line":56,"column":2},"end":{"line":56,"column":25}},"22":{"start":{"line":57,"column":2},"end":{"line":57,"column":21}},"23":{"start":{"line":59,"column":2},"end":{"line":59,"column":20}},"24":{"start":{"line":71,"column":15},"end":{"line":73,"column":1}},"25":{"start":{"line":72,"column":2},"end":{"line":72,"column":32}},"26":{"start":{"line":84,"column":15},"end":{"line":100,"column":1}},"27":{"start":{"line":85,"column":13},"end":{"line":85,"column":36}},"28":{"start":{"line":86,"column":13},"end":{"line":86,"column":36}},"29":{"start":{"line":88,"column":13},"end":{"line":88,"column":38}},"30":{"start":{"line":90,"column":2},"end":{"line":90,"column":39}},"31":{"start":{"line":91,"column":2},"end":{"line":91,"column":39}},"32":{"start":{"line":93,"column":12},"end":{"line":93,"column":29}},"33":{"start":{"line":95,"column":2},"end":{"line":95,"column":25}},"34":{"start":{"line":96,"column":2},"end":{"line":96,"column":25}},"35":{"start":{"line":97,"column":2},"end":{"line":97,"column":21}},"36":{"start":{"line":99,"column":2},"end":{"line":99,"column":20}},"37":{"start":{"line":111,"column":13},"end":{"line":127,"column":1}},"38":{"start":{"line":112,"column":13},"end":{"line":112,"column":36}},"39":{"start":{"line":113,"column":13},"end":{"line":113,"column":36}},"40":{"start":{"line":115,"column":13},"end":{"line":115,"column":38}},"41":{"start":{"line":117,"column":2},"end":{"line":117,"column":39}},"42":{"start":{"line":118,"column":2},"end":{"line":118,"column":39}},"43":{"start":{"line":120,"column":12},"end":{"line":120,"column":29}},"44":{"start":{"line":122,"column":2},"end":{"line":122,"column":25}},"45":{"start":{"line":123,"column":2},"end":{"line":123,"column":25}},"46":{"start":{"line":124,"column":2},"end":{"line":124,"column":21}},"47":{"start":{"line":126,"column":2},"end":{"line":126,"column":20}},"48":{"start":{"line":137,"column":12},"end":{"line":140,"column":1}},"49":{"start":{"line":138,"column":18},"end":{"line":138,"column":88}},"50":{"start":{"line":139,"column":2},"end":{"line":139,"column":40}},"51":{"start":{"line":142,"column":12},"end":{"line":151,"column":1}},"52":{"start":{"line":153,"column":0},"end":{"line":153,"column":23}}},"fnMap":{"0":{"name":"fractionLength","decl":{"start":{"line":9,"column":30},"end":{"line":9,"column":44}},"loc":{"start":{"line":9,"column":53},"end":{"line":12,"column":1}},"line":9},"1":{"name":"replaceDotToSpace","decl":{"start":{"line":20,"column":33},"end":{"line":20,"column":50}},"loc":{"start":{"line":20,"column":59},"end":{"line":23,"column":1}},"line":20},"2":{"name":"checkBoundary","decl":{"start":{"line":25,"column":29},"end":{"line":25,"column":42}},"loc":{"start":{"line":25,"column":51},"end":{"line":31,"column":1}},"line":25},"3":{"name":"add","decl":{"start":{"line":42,"column":19},"end":{"line":42,"column":22}},"loc":{"start":{"line":42,"column":41},"end":{"line":60,"column":1}},"line":42},"4":{"name":"subtract","decl":{"start":{"line":71,"column":24},"end":{"line":71,"column":32}},"loc":{"start":{"line":71,"column":51},"end":{"line":73,"column":1}},"line":71},"5":{"name":"multiply","decl":{"start":{"line":84,"column":24},"end":{"line":84,"column":32}},"loc":{"start":{"line":84,"column":51},"end":{"line":100,"column":1}},"line":84},"6":{"name":"divide","decl":{"start":{"line":111,"column":22},"end":{"line":111,"column":28}},"loc":{"start":{"line":111,"column":47},"end":{"line":127,"column":1}},"line":111},"7":{"name":"prune","decl":{"start":{"line":137,"column":21},"end":{"line":137,"column":26}},"loc":{"start":{"line":137,"column":35},"end":{"line":140,"column":1}},"line":137}},"branchMap":{"0":{"loc":{"start":{"line":11,"column":10},"end":{"line":11,"column":39}},"type":"binary-expr","locations":[{"start":{"line":11,"column":10},"end":{"line":11,"column":33}},{"start":{"line":11,"column":37},"end":{"line":11,"column":39}}],"line":11},"1":{"loc":{"start":{"line":11,"column":51},"end":{"line":11,"column":65}},"type":"binary-expr","locations":[{"start":{"line":11,"column":51},"end":{"line":11,"column":60}},{"start":{"line":11,"column":64},"end":{"line":11,"column":65}}],"line":11},"2":{"loc":{"start":{"line":26,"column":2},"end":{"line":29,"column":3}},"type":"if","locations":[{"start":{"line":26,"column":2},"end":{"line":29,"column":3}},{"start":{"line":26,"column":2},"end":{"line":29,"column":3}}],"line":26},"3":{"loc":{"start":{"line":52,"column":2},"end":{"line":52,"column":49}},"type":"cond-expr","locations":[{"start":{"line":52,"column":16},"end":{"line":52,"column":31}},{"start":{"line":52,"column":34},"end":{"line":52,"column":49}}],"line":52},"4":{"loc":{"start":{"line":138,"column":18},"end":{"line":138,"column":88}},"type":"cond-expr","locations":[{"start":{"line":138,"column":71},"end":{"line":138,"column":83}},{"start":{"line":138,"column":86},"end":{"line":138,"column":88}}],"line":138},"5":{"loc":{"start":{"line":138,"column":18},"end":{"line":138,"column":68}},"type":"binary-expr","locations":[{"start":{"line":138,"column":18},"end":{"line":138,"column":38}},{"start":{"line":138,"column":42},"end":{"line":138,"column":68}}],"line":138}},"s":{"0":1,"1":30,"2":30,"3":1,"4":30,"5":30,"6":1,"7":38,"8":1,"9":1,"10":37,"11":1,"12":8,"13":8,"14":8,"15":8,"16":8,"17":8,"18":8,"19":8,"20":8,"21":8,"22":8,"23":8,"24":1,"25":3,"26":1,"27":3,"28":3,"29":3,"30":3,"31":3,"32":3,"33":3,"34":3,"35":3,"36":3,"37":1,"38":1,"39":1,"40":1,"41":1,"42":1,"43":1,"44":1,"45":1,"46":1,"47":1,"48":1,"49":3,"50":3,"51":1,"52":1},"f":{"0":30,"1":30,"2":38,"3":8,"4":3,"5":3,"6":1,"7":3},"b":{"0":[30,4],"1":[30,26],"2":[1,37],"3":[1,7],"4":[1,2],"5":[3,1]},"_coverageSchema":"d34fc3e6b8297bcde183f5492bcb8fcb36775295","hash":"974064714c39c39fb14038ee07efdff1afe652ce","contentHash":"eae0900a9a4ba6a2ffdff5d7df405f9a_12.0.2"}
}
