TN:
SF:D:\github\number-calc\dist\index.js
FN:9,fractionLength
FN:20,replaceDotToSpace
FN:25,checkBoundary
FN:42,add
FN:71,subtract
FN:84,multiply
FN:111,divide
FN:137,prune
FNF:8
FNH:8
FNDA:30,fractionLength
FNDA:30,replaceDotToSpace
FNDA:38,checkBoundary
FNDA:8,add
FNDA:3,subtract
FNDA:3,multiply
FNDA:1,divide
FNDA:3,prune
DA:9,1
DA:10,30
DA:11,30
DA:20,1
DA:21,30
DA:22,30
DA:25,1
DA:26,38
DA:27,1
DA:28,1
DA:30,37
DA:42,1
DA:43,8
DA:44,8
DA:46,8
DA:47,8
DA:49,8
DA:50,8
DA:52,8
DA:53,8
DA:55,8
DA:56,8
DA:57,8
DA:59,8
DA:71,1
DA:72,3
DA:84,1
DA:85,3
DA:86,3
DA:88,3
DA:90,3
DA:91,3
DA:93,3
DA:95,3
DA:96,3
DA:97,3
DA:99,3
DA:111,1
DA:112,1
DA:113,1
DA:115,1
DA:117,1
DA:118,1
DA:120,1
DA:122,1
DA:123,1
DA:124,1
DA:126,1
DA:137,1
DA:138,3
DA:139,3
DA:142,1
DA:153,1
LF:53
LH:53
BRDA:11,0,0,30
BRDA:11,0,1,4
BRDA:11,1,0,30
BRDA:11,1,1,26
BRDA:26,2,0,1
BRDA:26,2,1,37
BRDA:52,3,0,1
BRDA:52,3,1,7
BRDA:138,4,0,1
BRDA:138,4,1,2
BRDA:138,5,0,3
BRDA:138,5,1,1
BRF:12
BRH:12
end_of_record
